<?xml version="1.0" encoding="UTF-8"?>
<!-- Generated by org.testng.reporters.JUnitXMLReporter -->
<testsuite hostname="DESKTOP-0H8G3KF" ignored="0" name="Surefire test" tests="1" failures="0" timestamp="2020-09-08T00:14:06 EEST" time="0.066" errors="0">
  <testcase name="@BeforeClass beforeAll" time="0.021" classname="base.MobileTest">
    <failure type="java.lang.NoSuchMethodError" message="com.google.common.base.Preconditions.checkArgument(ZLjava/lang/String;I)V">
      <![CDATA[java.lang.NoSuchMethodError: com.google.common.base.Preconditions.checkArgument(ZLjava/lang/String;I)V
at org.openqa.selenium.remote.service.DriverService$Builder.usingPort(DriverService.java:294)
at io.appium.java_client.service.local.AppiumServiceBuilder.usingPort(AppiumServiceBuilder.java:491)
at io.appium.java_client.service.local.AppiumServiceBuilder.<init>(AppiumServiceBuilder.java:98)
at base.MobileTest.startServer(MobileTest.java:49)
at base.MobileTest.beforeAll(MobileTest.java:28)
at java.util.ArrayList.forEach(ArrayList.java:1259)
... Removed 30 stack frames]]>
    </failure>
  </testcase> <!-- @BeforeClass beforeAll -->
  <testcase name="@BeforeMethod beforeTest" time="-1.599513246925E9" classname="base.MobileTest">
    <skipped/>
  </testcase> <!-- @BeforeMethod beforeTest -->
  <testcase name="@AfterMethod afterEach" time="0.01" classname="base.MobileTest">
    <failure type="java.lang.NullPointerException">
      <![CDATA[java.lang.NullPointerException
at base.MobileTest.afterEach(MobileTest.java:38)
at java.util.ArrayList.forEach(ArrayList.java:1259)
... Removed 37 stack frames]]>
    </failure>
  </testcase> <!-- @AfterMethod afterEach -->
  <testcase name="@AfterClass afterAll" time="-1.599513246938E9" classname="base.MobileTest">
    <skipped/>
  </testcase> <!-- @AfterClass afterAll -->
  <testcase name="loginInvalidUser" time="0.0" classname="tests.SmokeTests">
    <skipped/>
  </testcase> <!-- loginInvalidUser -->
</testsuite> <!-- Surefire test -->
