<?xml version="1.0" encoding="UTF-8"?>
<testsuite xmlns:xsi="http://www.w3.org/2001/XMLSchema-instance" xsi:noNamespaceSchemaLocation="https://maven.apache.org/surefire/maven-surefire-plugin/xsd/surefire-test-report.xsd" name="tests.SmokeTests" time="0.523" tests="5" errors="0" skipped="3" failures="2">
  <properties>
[...]
</properties>
  <testcase name="beforeAll" classname="tests.SmokeTests" time="0.406">
    <failure message="com.google.common.base.Preconditions.checkArgument(ZLjava/lang/String;I)V" type="java.lang.NoSuchMethodError">java.lang.NoSuchMethodError: com.google.common.base.Preconditions.checkArgument(ZLjava/lang/String;I)V
</failure>
  </testcase>
  <testcase name="beforeTest" classname="tests.SmokeTests" time="0">
    <skipped/>
  </testcase>
  <testcase name="loginInvalidUser" classname="tests.SmokeTests" time="0">
    <skipped message="com.google.common.base.Preconditions.checkArgument(ZLjava/lang/String;I)V"/>
  </testcase>
  <testcase name="afterEach" classname="tests.SmokeTests" time="0.012">
    <failure type="java.lang.NullPointerException">java.lang.NullPointerException
</failure>
  </testcase>
  <testcase name="afterAll" classname="tests.SmokeTests" time="0">
    <skipped/>
  </testcase>
</testsuite>